<?xml version="1.0" encoding="UTF-8"?>
<!-- Generated by org.testng.reporters.JUnitReportReporter -->
<testsuite skipped="0" hostname="LAPTOP-577EBNEK" name="testcases.TestCase1" tests="1" failures="0" timestamp="2020-11-06T09:47:36 IST" time="22.462" errors="0">
  <testcase name="ts01" time="22.462" classname="testcases.TestCase1"/>
  <system-out/>
</testsuite> <!-- testcases.TestCase1 -->
